# JRE version: OpenJDK Runtime Environment (8.0_212) (build 1.8.0_212-release-1586-b4-5784211)
# Java VM: OpenJDK 64-Bit Server VM (25.212-b4-5784211 mixed mode linux-amd64 compressed oops)
Heap:
 PSYoungGen      total 464384K, used 274144K [0x0000000781800000, 0x00000007a0100000, 0x00000007c0000000)
  eden space 439296K, 56% used [0x0000000781800000,0x0000000790b3d0c8,0x000000079c500000)
  from space 25088K, 99% used [0x000000079e880000,0x00000007a00fb130,0x00000007a0100000)
  to   space 29184K, 0% used [0x000000079c800000,0x000000079c800000,0x000000079e480000)
 ParOldGen       total 533504K, used 33243K [0x0000000704800000, 0x0000000725100000, 0x0000000781800000)
  object space 533504K, 6% used [0x0000000704800000,0x0000000706876d20,0x0000000725100000)
 Metaspace       used 77199K, capacity 83254K, committed 83456K, reserved 1122304K
  class space    used 10369K, capacity 11428K, committed 11520K, reserved 1048576K
GC Heap History (10 events):
Event: 1,606 GC heap before
{Heap before GC invocations=5 (full 2):
 PSYoungGen      total 278016K, used 16623K [0x0000000781800000, 0x0000000799d80000, 0x00000007c0000000)
  eden space 257024K, 0% used [0x0000000781800000,0x0000000781800000,0x0000000791300000)
  from space 20992K, 79% used [0x0000000791300000,0x000000079233be68,0x0000000792780000)
  to   space 20992K, 0% used [0x0000000798900000,0x0000000798900000,0x0000000799d80000)
 ParOldGen       total 218112K, used 13991K [0x0000000704800000, 0x0000000711d00000, 0x0000000781800000)
  object space 218112K, 6% used [0x0000000704800000,0x00000007055a9e20,0x0000000711d00000)
 Metaspace       used 34680K, capacity 35380K, committed 35496K, reserved 1079296K
  class space    used 4592K, capacity 4811K, committed 4864K, reserved 1048576K
Event: 1,629 GC heap after
Heap after GC invocations=5 (full 2):
 PSYoungGen      total 278016K, used 0K [0x0000000781800000, 0x0000000799d80000, 0x00000007c0000000)
  eden space 257024K, 0% used [0x0000000781800000,0x0000000781800000,0x0000000791300000)
  from space 20992K, 0% used [0x0000000791300000,0x0000000791300000,0x0000000792780000)
  to   space 20992K, 0% used [0x0000000798900000,0x0000000798900000,0x0000000799d80000)
 ParOldGen       total 366592K, used 23343K [0x0000000704800000, 0x000000071ae00000, 0x0000000781800000)
  object space 366592K, 6% used [0x0000000704800000,0x0000000705ecbe30,0x000000071ae00000)
 Metaspace       used 34680K, capacity 35380K, committed 35496K, reserved 1079296K
  class space    used 4592K, capacity 4811K, committed 4864K, reserved 1048576K
}
Event: 2,734 GC heap before
{Heap before GC invocations=6 (full 2):
 PSYoungGen      total 278016K, used 257024K [0x0000000781800000, 0x0000000799d80000, 0x00000007c0000000)
  eden space 257024K, 100% used [0x0000000781800000,0x0000000791300000,0x0000000791300000)
  from space 20992K, 0% used [0x0000000791300000,0x0000000791300000,0x0000000792780000)
  to   space 20992K, 0% used [0x0000000798900000,0x0000000798900000,0x0000000799d80000)
 ParOldGen       total 366592K, used 23354K [0x0000000704800000, 0x000000071ae00000, 0x0000000781800000)
  object space 366592K, 6% used [0x0000000704800000,0x0000000705ecea20,0x000000071ae00000)
 Metaspace       used 52137K, capacity 53768K, committed 53888K, reserved 1095680K
  class space    used 6838K, capacity 7219K, committed 7296K, reserved 1048576K
Event: 2,743 GC heap after
Heap after GC invocations=6 (full 2):
 PSYoungGen      total 355328K, used 20989K [0x0000000781800000, 0x0000000799d80000, 0x00000007c0000000)
  eden space 334336K, 0% used [0x0000000781800000,0x0000000781800000,0x0000000795e80000)
  from space 20992K, 99% used [0x0000000798900000,0x0000000799d7f4f8,0x0000000799d80000)
  to   space 20992K, 0% used [0x0000000797480000,0x0000000797480000,0x0000000798900000)
 ParOldGen       total 366592K, used 27295K [0x0000000704800000, 0x000000071ae00000, 0x0000000781800000)
  object space 366592K, 7% used [0x0000000704800000,0x00000007062a7ed8,0x000000071ae00000)
 Metaspace       used 52137K, capacity 53768K, committed 53888K, reserved 1095680K
  class space    used 6838K, capacity 7219K, committed 7296K, reserved 1048576K
}
Event: 3,070 GC heap before
{Heap before GC invocations=7 (full 2):
 PSYoungGen      total 355328K, used 99739K [0x0000000781800000, 0x0000000799d80000, 0x00000007c0000000)
  eden space 334336K, 23% used [0x0000000781800000,0x00000007864e7840,0x0000000795e80000)
  from space 20992K, 99% used [0x0000000798900000,0x0000000799d7f4f8,0x0000000799d80000)
  to   space 20992K, 0% used [0x0000000797480000,0x0000000797480000,0x0000000798900000)
 ParOldGen       total 366592K, used 27295K [0x0000000704800000, 0x000000071ae00000, 0x0000000781800000)
  object space 366592K, 7% used [0x0000000704800000,0x00000007062a7ed8,0x000000071ae00000)
 Metaspace       used 57015K, capacity 59010K, committed 59136K, reserved 1099776K
  class space    used 7667K, capacity 8117K, committed 8192K, reserved 1048576K
Event: 3,078 GC heap after
Heap after GC invocations=7 (full 2):
 PSYoungGen      total 377856K, used 19908K [0x0000000781800000, 0x00000007a0280000, 0x00000007c0000000)
  eden space 356864K, 0% used [0x0000000781800000,0x0000000781800000,0x0000000797480000)
  from space 20992K, 94% used [0x0000000797480000,0x00000007987f1090,0x0000000798900000)
  to   space 26624K, 0% used [0x000000079e880000,0x000000079e880000,0x00000007a0280000)
 ParOldGen       total 366592K, used 27303K [0x0000000704800000, 0x000000071ae00000, 0x0000000781800000)
  object space 366592K, 7% used [0x0000000704800000,0x00000007062a9ed8,0x000000071ae00000)
 Metaspace       used 57015K, capacity 59010K, committed 59136K, reserved 1099776K
  class space    used 7667K, capacity 8117K, committed 8192K, reserved 1048576K
}
Event: 3,078 GC heap before
{Heap before GC invocations=8 (full 3):
 PSYoungGen      total 377856K, used 19908K [0x0000000781800000, 0x00000007a0280000, 0x00000007c0000000)
  eden space 356864K, 0% used [0x0000000781800000,0x0000000781800000,0x0000000797480000)
  from space 20992K, 94% used [0x0000000797480000,0x00000007987f1090,0x0000000798900000)
  to   space 26624K, 0% used [0x000000079e880000,0x000000079e880000,0x00000007a0280000)
 ParOldGen       total 366592K, used 27303K [0x0000000704800000, 0x000000071ae00000, 0x0000000781800000)
  object space 366592K, 7% used [0x0000000704800000,0x00000007062a9ed8,0x000000071ae00000)
 Metaspace       used 57015K, capacity 59010K, committed 59136K, reserved 1099776K
  class space    used 7667K, capacity 8117K, committed 8192K, reserved 1048576K
Event: 3,183 GC heap after
Heap after GC invocations=8 (full 3):
 PSYoungGen      total 377856K, used 0K [0x0000000781800000, 0x00000007a0280000, 0x00000007c0000000)
  eden space 356864K, 0% used [0x0000000781800000,0x0000000781800000,0x0000000797480000)
  from space 20992K, 0% used [0x0000000797480000,0x0000000797480000,0x0000000798900000)
  to   space 26624K, 0% used [0x000000079e880000,0x000000079e880000,0x00000007a0280000)
 ParOldGen       total 533504K, used 33235K [0x0000000704800000, 0x0000000725100000, 0x0000000781800000)
  object space 533504K, 6% used [0x0000000704800000,0x0000000706874d20,0x0000000725100000)
 Metaspace       used 56885K, capacity 58640K, committed 59136K, reserved 1099776K
  class space    used 7627K, capacity 8055K, committed 8192K, reserved 1048576K
}
Event: 4,259 GC heap before
{Heap before GC invocations=9 (full 3):
 PSYoungGen      total 377856K, used 356864K [0x0000000781800000, 0x00000007a0280000, 0x00000007c0000000)
  eden space 356864K, 100% used [0x0000000781800000,0x0000000797480000,0x0000000797480000)
  from space 20992K, 0% used [0x0000000797480000,0x0000000797480000,0x0000000798900000)
  to   space 26624K, 0% used [0x000000079e880000,0x000000079e880000,0x00000007a0280000)
 ParOldGen       total 533504K, used 33235K [0x0000000704800000, 0x0000000725100000, 0x0000000781800000)
  object space 533504K, 6% used [0x0000000704800000,0x0000000706874d20,0x0000000725100000)
 Metaspace       used 70384K, capacity 75498K, committed 75648K, reserved 1114112K
  class space    used 9706K, capacity 10588K, committed 10624K, reserved 1048576K
Event: 4,268 GC heap after
Heap after GC invocations=9 (full 3):
 PSYoungGen      total 464384K, used 25068K [0x0000000781800000, 0x00000007a0100000, 0x00000007c0000000)
  eden space 439296K, 0% used [0x0000000781800000,0x0000000781800000,0x000000079c500000)
  from space 25088K, 99% used [0x000000079e880000,0x00000007a00fb130,0x00000007a0100000)
  to   space 29184K, 0% used [0x000000079c800000,0x000000079c800000,0x000000079e480000)
 ParOldGen       total 533504K, used 33243K [0x0000000704800000, 0x0000000725100000, 0x0000000781800000)
  object space 533504K, 6% used [0x0000000704800000,0x0000000706876d20,0x0000000725100000)
 Metaspace       used 70384K, capacity 75498K, committed 75648K, reserved 1114112K
  class space    used 9706K, capacity 10588K, committed 10624K, reserved 1048576K
}

